[2013-11-22 10:24:00,765][ERROR] UserDAO.py:[<module>]:32 (YYA) : [test error]
[2013-11-22 10:24:00,766][INFO] mysql.py:[MyExecute]:37 (YYA) : [SELECT * FROM TblUser WHERE email='zhuli102232@163.com']
[2013-11-22 10:24:00,767][WARNING] UserDAO.py:[AddUser]:19 (YYA) : [email:[zhuli102232@163.com] already exist!]
[2013-11-22 10:24:00,767][INFO] mysql.py:[MyExecute]:37 (YYA) : [SELECT * FROM TblUser WHERE phoneNum='18301956105']
[2013-11-22 10:24:00,767][WARNING] UserDAO.py:[AddUser]:24 (YYA) : [phoneNum:[18301956105] already exist!]
[2013-11-22 10:24:00,768][INFO] mysql.py:[MyExecute]:37 (YYA) : [INSERT INTO TblUser(nickName,email,phoneNum,passWord,sex,single,auth,registerTime,lastLoginTime) VALUES('\'zhuli\'\'zhuli01\'','zhuli102232@163.com','18301956105','woshimima',NULL,NULL,1,'2013-11-22 10:24:00','2013-11-22 10:24:00')]
[2013-11-23 08:22:45,479][INFO] mysql.py:[MysqlExecute]:34 (YYA) : [SELECT * FROM TblUser WHERE email='zhuli102232@163.com']
[2013-11-23 08:22:45,513][WARNING] UserDAO.py:[AddUser]:21 (YYA) : [email:[zhuli102232@163.com] already exist!]
[2013-11-23 08:23:03,514][INFO] mysql.py:[MysqlExecute]:34 (YYA) : [SELECT * FROM TblUser WHERE email='zhuli102232@163.com']
[2013-11-23 08:23:03,516][WARNING] UserDAO.py:[AddUser]:21 (YYA) : [email:[zhuli102232@163.com] already exist!]
[2013-11-23 08:24:44,155][INFO] mysql.py:[MysqlExecute]:34 (YYA) : [SELECT * FROM TblUser WHERE email='zhuli102232@163.com']
[2013-11-23 08:24:44,157][WARNING] UserDAO.py:[AddUser]:21 (YYA) : [email:[zhuli102232@163.com] already exist!]
[2013-11-23 08:25:05,744][INFO] mysql.py:[MysqlExecute]:34 (YYA) : [SELECT * FROM TblUser WHERE email='zhuli102232@163.com']
[2013-11-23 08:25:05,745][WARNING] UserDAO.py:[AddUser]:21 (YYA) : [email:[zhuli102232@163.com] already exist!]
[2013-11-23 08:28:41,740][INFO] mysql.py:[MysqlExecute]:34 (YYA) : [SELECT * FROM TblUser WHERE email='zhuli102232@163.com']
[2013-11-23 08:28:41,741][WARNING] UserDAO.py:[AddUser]:21 (YYA) : [email:[zhuli102232@163.com] already exist!]
[2013-11-23 08:39:44,345][INFO] mysql.py:[MysqlExecute]:34 (YYA) : [SELECT * FROM TblUser WHERE email='zhuli102232@163.com']
[2013-11-23 08:39:44,347][WARNING] UserDAO.py:[AddUser]:24 (YYA) : [email:[zhuli102232@163.com] already exist!]
[2013-11-23 09:44:41,426][INFO] mysql.py:[MysqlExecute]:34 (YYA) : [SELECT passWord FROM TblUser WHERE uid=1]
[2013-11-23 09:44:55,909][INFO] mysql.py:[MysqlExecute]:34 (YYA) : [SELECT passWord FROM TblUser WHERE uid=1]
[2013-11-23 09:45:11,348][INFO] mysql.py:[MysqlExecute]:34 (YYA) : [SELECT passWord FROM TblUser WHERE uid=1]
[2013-11-23 09:45:22,513][INFO] mysql.py:[MysqlExecute]:34 (YYA) : [SELECT passWord FROM TblUser WHERE uid=1]
[2013-11-23 09:45:55,258][INFO] mysql.py:[MysqlExecute]:34 (YYA) : [SELECT passWord FROM TblUser WHERE uid=1]
[2013-11-23 09:45:55,308][INFO] mysql.py:[MysqlExecute]:34 (YYA) : [UPDATE TblUser SET lastLoginTime = NOW() WHERE uid=1]
[2013-11-23 09:56:02,830][INFO] mysql.py:[MysqlExecute]:34 (YYA) : [SELECT passWord FROM TblUser WHERE uid=1]
[2013-11-23 09:56:02,848][INFO] mysql.py:[MysqlExecute]:34 (YYA) : [UPDATE TblUser SET lastLoginTime = NOW() WHERE uid=1]
[2013-11-23 09:56:02,873][INFO] mysql.py:[MysqlExecute]:34 (YYA) : [SELECT uid,nickName,email,phoneNum,sex,single,birthTime,togetherTime,marryTime,auth,registerTime,lastLoginTime FROM TblUser WHERE uid=1]
[2013-11-23 10:05:12,676][INFO] mysql.py:[MysqlExecute]:34 (YYA) : [SELECT passWord FROM TblUser WHERE uid=1]
[2013-11-23 10:05:12,681][INFO] mysql.py:[MysqlExecute]:34 (YYA) : [UPDATE TblUser SET lastLoginTime = NOW() WHERE uid=1]
[2013-11-23 10:05:12,697][INFO] mysql.py:[MysqlExecute]:34 (YYA) : [SELECT uid,nickName,email,phoneNum,sex,single,birthTime,togetherTime,marryTime,auth,registerTime,lastLoginTime FROM TblUser WHERE uid=1]
[2013-11-23 10:12:45,407][INFO] mysql.py:[MysqlExecute]:34 (YYA) : [SELECT passWord FROM TblUser WHERE uid=1]
[2013-11-23 10:12:45,410][INFO] mysql.py:[MysqlExecute]:34 (YYA) : [UPDATE TblUser SET lastLoginTime = NOW() WHERE uid=1]
[2013-11-23 10:12:45,449][INFO] mysql.py:[MysqlExecute]:34 (YYA) : [SELECT uid,nickName,email,phoneNum,sex,single,birthTime,togetherTime,marryTime,auth,registerTime,lastLoginTime FROM TblUser WHERE uid=1]
[2013-11-23 10:13:32,616][INFO] mysql.py:[MysqlExecute]:34 (YYA) : [SELECT passWord FROM TblUser WHERE uid=1]
[2013-11-23 10:13:32,617][INFO] mysql.py:[MysqlExecute]:34 (YYA) : [UPDATE TblUser SET lastLoginTime = NOW() WHERE uid=1]
[2013-11-23 10:13:32,624][INFO] mysql.py:[MysqlExecute]:34 (YYA) : [SELECT uid,nickName,email,phoneNum,sex,single,birthTime,togetherTime,marryTime,auth,registerTime,lastLoginTime FROM TblUser WHERE uid=1]
[2013-11-23 10:17:06,283][INFO] mysql.py:[MysqlExecute]:34 (YYA) : [SELECT passWord FROM TblUser WHERE uid=1]
[2013-11-23 10:17:06,286][INFO] mysql.py:[MysqlExecute]:34 (YYA) : [UPDATE TblUser SET lastLoginTime = NOW() WHERE uid=1]
[2013-11-23 10:17:06,311][INFO] mysql.py:[MysqlExecute]:34 (YYA) : [SELECT uid,nickName,email,phoneNum,sex,single,birthTime,togetherTime,marryTime,auth,registerTime,lastLoginTime FROM TblUser WHERE uid=1]
[2013-11-23 10:17:30,870][INFO] mysql.py:[MysqlExecute]:34 (YYA) : [SELECT * FROM TblUser WHERE email='zhuli102233@163.com']
[2013-11-23 10:17:30,871][INFO] mysql.py:[MysqlExecute]:34 (YYA) : [SELECT * FROM TblUser WHERE phoneNum='18301956106']
[2013-11-23 10:17:30,873][INFO] mysql.py:[MysqlExecute]:34 (YYA) : [INSERT INTO TblUser(nickName,email,phoneNum,passWord,sex,single,auth,registerTime,lastLoginTime) VALUES('\'zhuli\'\'zhuli01\'','zhuli102233@163.com','18301956106','woshimima',NULL,NULL,1,'2013-11-23 10:17:30','2013-11-23 10:17:30')]
[2013-11-23 10:17:30,918][INFO] mysql.py:[MysqlExecute]:34 (YYA) : [SELECT passWord FROM TblUser WHERE uid=1]
[2013-11-23 10:17:30,922][INFO] mysql.py:[MysqlExecute]:34 (YYA) : [UPDATE TblUser SET lastLoginTime = NOW() WHERE uid=1]
[2013-11-23 10:17:30,951][INFO] mysql.py:[MysqlExecute]:34 (YYA) : [SELECT uid,nickName,email,phoneNum,sex,single,birthTime,togetherTime,marryTime,auth,registerTime,lastLoginTime FROM TblUser WHERE uid=1]
[2013-11-23 10:18:41,017][INFO] mysql.py:[MysqlExecute]:34 (YYA) : [SELECT * FROM TblUser WHERE email='zhuli102233@163.com']
[2013-11-23 10:18:41,018][WARNING] UserDAO.py:[AddUser]:25 (YYA) : [email:[zhuli102233@163.com] already exist!]
[2013-11-23 10:18:41,019][INFO] mysql.py:[MysqlExecute]:34 (YYA) : [SELECT passWord FROM TblUser WHERE uid=1]
[2013-11-23 10:18:41,021][INFO] mysql.py:[MysqlExecute]:34 (YYA) : [UPDATE TblUser SET lastLoginTime = NOW() WHERE uid=1]
[2013-11-23 10:18:41,029][INFO] mysql.py:[MysqlExecute]:34 (YYA) : [SELECT uid,nickName,email,phoneNum,sex,single,birthTime,togetherTime,marryTime,auth,registerTime,lastLoginTime FROM TblUser WHERE uid=1]
[2013-11-23 10:23:14,832][INFO] mysql.py:[MysqlExecute]:34 (YYA) : [SELECT * FROM TblUser WHERE email='zhuli102233@163.com']
[2013-11-23 10:23:14,833][WARNING] UserDAO.py:[AddUser]:25 (YYA) : [email:[zhuli102233@163.com] already exist!]
[2013-11-23 10:23:14,834][INFO] mysql.py:[MysqlExecute]:34 (YYA) : [SELECT passWord FROM TblUser WHERE uid=1]
[2013-11-23 10:23:14,835][INFO] mysql.py:[MysqlExecute]:34 (YYA) : [UPDATE TblUser SET lastLoginTime = NOW() WHERE uid=1]
[2013-11-23 10:23:14,843][INFO] mysql.py:[MysqlExecute]:34 (YYA) : [SELECT uid,nickName,email,phoneNum,sex,single,birthTime,togetherTime,marryTime,auth,registerTime,lastLoginTime FROM TblUser WHERE uid=1]
[2013-11-23 10:24:09,800][INFO] mysql.py:[MysqlExecute]:34 (YYA) : [SELECT * FROM TblUser WHERE email='zhuli102233@163.com']
[2013-11-23 10:24:09,803][WARNING] UserDAO.py:[AddUser]:25 (YYA) : [email:[zhuli102233@163.com] already exist!]
[2013-11-23 10:24:09,821][INFO] mysql.py:[MysqlExecute]:34 (YYA) : [SELECT passWord FROM TblUser WHERE uid=1]
[2013-11-23 10:24:09,825][INFO] mysql.py:[MysqlExecute]:34 (YYA) : [UPDATE TblUser SET lastLoginTime = NOW() WHERE uid=1]
[2013-11-23 10:24:09,893][INFO] mysql.py:[MysqlExecute]:34 (YYA) : [SELECT uid,nickName,email,phoneNum,sex,single,birthTime,togetherTime,marryTime,auth,registerTime,lastLoginTime FROM TblUser WHERE uid=1]
[2013-11-23 10:28:56,833][INFO] mysql.py:[MysqlExecute]:34 (YYA) : [SELECT * FROM TblUser WHERE email='zhuli102233@163.com']
[2013-11-23 10:28:56,881][WARNING] UserDAO.py:[AddUser]:25 (YYA) : [email:[zhuli102233@163.com] already exist!]
[2013-11-23 10:28:56,901][INFO] mysql.py:[MysqlExecute]:34 (YYA) : [SELECT passWord FROM TblUser WHERE uid=1]
[2013-11-23 10:28:56,938][INFO] mysql.py:[MysqlExecute]:34 (YYA) : [UPDATE TblUser SET lastLoginTime = NOW() WHERE uid=1]
[2013-11-23 10:28:56,954][INFO] mysql.py:[MysqlExecute]:34 (YYA) : [SELECT uid,nickName,email,phoneNum,sex,single,birthTime,togetherTime,marryTime,auth,registerTime,lastLoginTime FROM TblUser WHERE uid=1]
[2013-11-23 10:29:07,258][INFO] mysql.py:[MysqlExecute]:34 (YYA) : [SELECT * FROM TblUser WHERE email='zhuli102233@163.com']
[2013-11-23 10:29:07,259][WARNING] UserDAO.py:[AddUser]:25 (YYA) : [email:[zhuli102233@163.com] already exist!]
[2013-11-23 10:29:07,259][INFO] mysql.py:[MysqlExecute]:34 (YYA) : [SELECT passWord FROM TblUser WHERE uid=1]
[2013-11-23 10:29:07,261][INFO] mysql.py:[MysqlExecute]:34 (YYA) : [UPDATE TblUser SET lastLoginTime = NOW() WHERE uid=1]
[2013-11-23 10:29:07,332][INFO] mysql.py:[MysqlExecute]:34 (YYA) : [SELECT uid,nickName,email,phoneNum,sex,single,birthTime,togetherTime,marryTime,auth,registerTime,lastLoginTime FROM TblUser WHERE uid=1]
[2013-11-23 10:29:20,212][INFO] mysql.py:[MysqlExecute]:34 (YYA) : [SELECT * FROM TblUser WHERE email='zhuli102233@163.com']
[2013-11-23 10:29:20,213][WARNING] UserDAO.py:[AddUser]:25 (YYA) : [email:[zhuli102233@163.com] already exist!]
[2013-11-23 10:29:20,213][INFO] mysql.py:[MysqlExecute]:34 (YYA) : [SELECT passWord FROM TblUser WHERE uid=1]
[2013-11-23 10:29:20,215][INFO] mysql.py:[MysqlExecute]:34 (YYA) : [UPDATE TblUser SET lastLoginTime = NOW() WHERE uid=1]
[2013-11-23 10:29:20,220][INFO] mysql.py:[MysqlExecute]:34 (YYA) : [SELECT uid,nickName,email,phoneNum,sex,single,birthTime,togetherTime,marryTime,auth,registerTime,lastLoginTime FROM TblUser WHERE uid=1]
[2013-11-23 10:29:53,974][INFO] mysql.py:[MysqlExecute]:34 (YYA) : [SELECT * FROM TblUser WHERE email='zhuli102233@163.com']
[2013-11-23 10:29:53,975][WARNING] UserDAO.py:[AddUser]:25 (YYA) : [email:[zhuli102233@163.com] already exist!]
[2013-11-23 10:29:53,976][INFO] mysql.py:[MysqlExecute]:34 (YYA) : [SELECT passWord FROM TblUser WHERE uid=1]
[2013-11-23 10:29:53,992][INFO] mysql.py:[MysqlExecute]:34 (YYA) : [UPDATE TblUser SET lastLoginTime = NOW() WHERE uid=1]
[2013-11-23 10:29:54,014][INFO] mysql.py:[MysqlExecute]:34 (YYA) : [SELECT uid,nickName,email,phoneNum,sex,single,birthTime,togetherTime,marryTime,auth,registerTime,lastLoginTime FROM TblUser WHERE uid=1]
[2013-11-23 10:31:36,306][INFO] mysql.py:[MysqlExecute]:34 (YYA) : [SELECT * FROM TblUser WHERE email='zhuli102233@163.com']
[2013-11-23 10:31:36,307][WARNING] UserDAO.py:[AddUser]:25 (YYA) : [email:[zhuli102233@163.com] already exist!]
[2013-11-23 10:31:36,308][INFO] mysql.py:[MysqlExecute]:34 (YYA) : [SELECT passWord FROM TblUser WHERE uid=1]
[2013-11-23 10:31:36,368][INFO] mysql.py:[MysqlExecute]:34 (YYA) : [UPDATE TblUser SET lastLoginTime = NOW() WHERE uid=1]
[2013-11-23 10:31:36,383][INFO] mysql.py:[MysqlExecute]:34 (YYA) : [SELECT uid,nickName,email,phoneNum,sex,single,birthTime,togetherTime,marryTime,auth,registerTime,lastLoginTime FROM TblUser WHERE uid=1]
[2013-11-23 10:32:09,086][INFO] mysql.py:[MysqlExecute]:34 (YYA) : [SELECT * FROM TblUser WHERE email='zhuli102233@163.com']
[2013-11-23 10:32:09,087][WARNING] UserDAO.py:[AddUser]:25 (YYA) : [email:[zhuli102233@163.com] already exist!]
[2013-11-23 10:32:09,087][INFO] mysql.py:[MysqlExecute]:34 (YYA) : [SELECT passWord FROM TblUser WHERE uid=1]
[2013-11-23 10:32:09,110][INFO] mysql.py:[MysqlExecute]:34 (YYA) : [UPDATE TblUser SET lastLoginTime = NOW() WHERE uid=1]
[2013-11-23 10:32:09,117][INFO] mysql.py:[MysqlExecute]:34 (YYA) : [SELECT uid,nickName,email,phoneNum,sex,single,birthTime,togetherTime,marryTime,auth,registerTime,lastLoginTime FROM TblUser WHERE uid=1]
